<?xml version="1.0" encoding="UTF-8"?>
<testsuite xmlns:xsi="http://www.w3.org/2001/XMLSchema-instance" xsi:noNamespaceSchemaLocation="https://maven.apache.org/surefire/maven-surefire-plugin/xsd/surefire-test-report-3.0.xsd" version="3.0" name="com.accountservice.AccountServiceApplicationTests" time="24.676" tests="1" errors="0" skipped="0" failures="0">
  <properties>
[...]
</properties>
  <testcase name="contextLoads" classname="com.accountservice.AccountServiceApplicationTests" time="2.176">
    <system-out><![CDATA[21:37:17.538 [main] INFO org.springframework.test.context.support.AnnotationConfigContextLoaderUtils -- Could not detect default configuration classes for test class [com.accountservice.AccountServiceApplicationTests]: AccountServiceApplicationTests does not declare any static, non-private, non-final, nested classes annotated with @Configuration.
21:37:17.925 [main] INFO org.springframework.boot.test.context.SpringBootTestContextBootstrapper -- Found @SpringBootConfiguration com.accountservice.AccountServiceApplication for test class com.accountservice.AccountServiceApplicationTests

  .   ____          _            __ _ _
 /\\ / ___'_ __ _ _(_)_ __  __ _ \ \ \ \
( ( )\___ | '_ | '_| | '_ \/ _` | \ \ \ \
 \\/  ___)| |_)| | | | | || (_| |  ) ) ) )
  '  |____| .__|_| |_|_| |_\__, | / / / /
 =========|_|==============|___/=/_/_/_/

 :: Spring Boot ::                (v3.4.3)

2025-03-31T21:37:19.575+07:00  INFO 9520 --- [account-service] [           main] c.a.AccountServiceApplicationTests       : Starting AccountServiceApplicationTests using Java 22.0.2 with PID 9520 (started by hiepg in D:\Code\Big Apps\Hybrid-Blockchain-Based-Stock-Trading-Platform-with-Arbitrage-Bot\BE\account-service)
2025-03-31T21:37:19.579+07:00  INFO 9520 --- [account-service] [           main] c.a.AccountServiceApplicationTests       : The following 1 profile is active: "product"
2025-03-31T21:37:19.672+07:00 DEBUG 9520 --- [account-service] [           main] o.s.w.c.s.GenericWebApplicationContext   : Refreshing org.springframework.web.context.support.GenericWebApplicationContext@37ff4054
2025-03-31T21:37:22.620+07:00  INFO 9520 --- [account-service] [           main] .s.d.r.c.RepositoryConfigurationDelegate : Multiple Spring Data modules found, entering strict repository configuration mode
2025-03-31T21:37:22.624+07:00  INFO 9520 --- [account-service] [           main] .s.d.r.c.RepositoryConfigurationDelegate : Bootstrapping Spring Data Reactive MongoDB repositories in DEFAULT mode.
2025-03-31T21:37:23.076+07:00  INFO 9520 --- [account-service] [           main] .s.d.r.c.RepositoryConfigurationDelegate : Finished Spring Data repository scanning in 422 ms. Found 0 Reactive MongoDB repository interfaces.
2025-03-31T21:37:23.099+07:00  INFO 9520 --- [account-service] [           main] .s.d.r.c.RepositoryConfigurationDelegate : Multiple Spring Data modules found, entering strict repository configuration mode
2025-03-31T21:37:23.099+07:00  INFO 9520 --- [account-service] [           main] .s.d.r.c.RepositoryConfigurationDelegate : Bootstrapping Spring Data MongoDB repositories in DEFAULT mode.
2025-03-31T21:37:23.236+07:00  INFO 9520 --- [account-service] [           main] .s.d.r.c.RepositoryConfigurationDelegate : Finished Spring Data repository scanning in 132 ms. Found 5 MongoDB repository interfaces.
2025-03-31T21:37:23.321+07:00  INFO 9520 --- [account-service] [           main] .s.d.r.c.RepositoryConfigurationDelegate : Multiple Spring Data modules found, entering strict repository configuration mode
2025-03-31T21:37:23.325+07:00  INFO 9520 --- [account-service] [           main] .s.d.r.c.RepositoryConfigurationDelegate : Bootstrapping Spring Data Redis repositories in DEFAULT mode.
2025-03-31T21:37:23.469+07:00  INFO 9520 --- [account-service] [           main] .RepositoryConfigurationExtensionSupport : Spring Data Redis - Could not safely identify store assignment for repository candidate interface com.accountservice.repository.BalanceHistoryRepository; If you want this repository to be a Redis repository, consider annotating your entities with one of these annotations: org.springframework.data.redis.core.RedisHash (preferred), or consider extending one of the following types with your repository: org.springframework.data.keyvalue.repository.KeyValueRepository
2025-03-31T21:37:23.470+07:00  INFO 9520 --- [account-service] [           main] .RepositoryConfigurationExtensionSupport : Spring Data Redis - Could not safely identify store assignment for repository candidate interface com.accountservice.repository.BalanceRepository; If you want this repository to be a Redis repository, consider annotating your entities with one of these annotations: org.springframework.data.redis.core.RedisHash (preferred), or consider extending one of the following types with your repository: org.springframework.data.keyvalue.repository.KeyValueRepository
2025-03-31T21:37:23.470+07:00  INFO 9520 --- [account-service] [           main] .RepositoryConfigurationExtensionSupport : Spring Data Redis - Could not safely identify store assignment for repository candidate interface com.accountservice.repository.PaymentMethodRepository; If you want this repository to be a Redis repository, consider annotating your entities with one of these annotations: org.springframework.data.redis.core.RedisHash (preferred), or consider extending one of the following types with your repository: org.springframework.data.keyvalue.repository.KeyValueRepository
2025-03-31T21:37:23.471+07:00  INFO 9520 --- [account-service] [           main] .RepositoryConfigurationExtensionSupport : Spring Data Redis - Could not safely identify store assignment for repository candidate interface com.accountservice.repository.TradingAccountRepository; If you want this repository to be a Redis repository, consider annotating your entities with one of these annotations: org.springframework.data.redis.core.RedisHash (preferred), or consider extending one of the following types with your repository: org.springframework.data.keyvalue.repository.KeyValueRepository
2025-03-31T21:37:23.472+07:00  INFO 9520 --- [account-service] [           main] .RepositoryConfigurationExtensionSupport : Spring Data Redis - Could not safely identify store assignment for repository candidate interface com.accountservice.repository.TransactionRepository; If you want this repository to be a Redis repository, consider annotating your entities with one of these annotations: org.springframework.data.redis.core.RedisHash (preferred), or consider extending one of the following types with your repository: org.springframework.data.keyvalue.repository.KeyValueRepository
2025-03-31T21:37:23.473+07:00  INFO 9520 --- [account-service] [           main] .s.d.r.c.RepositoryConfigurationDelegate : Finished Spring Data repository scanning in 73 ms. Found 0 Redis repository interfaces.
2025-03-31T21:37:26.979+07:00  INFO 9520 --- [account-service] [lgk.mongodb.net] org.mongodb.driver.cluster               : Adding discovered server cluster-1-shard-00-02.rylgk.mongodb.net:27017 to client view of cluster
2025-03-31T21:37:27.012+07:00  INFO 9520 --- [account-service] [           main] org.mongodb.driver.client                : MongoClient with metadata {"application": {"name": "Cluster-1"}, "driver": {"name": "mongo-java-driver|sync|spring-boot", "version": "5.2.1"}, "os": {"type": "Windows", "name": "Windows 10", "architecture": "amd64", "version": "10.0"}, "platform": "Java/Oracle Corporation/22.0.2+9-70"} created with settings MongoClientSettings{readPreference=primary, writeConcern=WriteConcern{w=majority, wTimeout=null ms, journal=null}, retryWrites=true, retryReads=true, readConcern=ReadConcern{level=null}, credential=MongoCredential{mechanism=null, userName='admin', source='admin', password=<hidden>, mechanismProperties=<hidden>}, transportSettings=NettyTransportSettings{eventLoopGroup=io.netty.channel.nio.NioEventLoopGroup@684372d0, socketChannelClass=null, allocator=null, sslContext=null}, commandListeners=[], codecRegistry=ProvidersCodecRegistry{codecProviders=[ValueCodecProvider{}, BsonValueCodecProvider{}, DBRefCodecProvider{}, DBObjectCodecProvider{}, DocumentCodecProvider{}, CollectionCodecProvider{}, IterableCodecProvider{}, MapCodecProvider{}, GeoJsonCodecProvider{}, GridFSFileCodecProvider{}, Jsr310CodecProvider{}, JsonObjectCodecProvider{}, BsonCodecProvider{}, EnumCodecProvider{}, com.mongodb.client.model.mql.ExpressionCodecProvider@63dda940, com.mongodb.Jep395RecordCodecProvider@41f964f9, com.mongodb.KotlinCodecProvider@652e345]}, loggerSettings=LoggerSettings{maxDocumentLength=1000}, clusterSettings={hosts=[127.0.0.1:27017], srvHost=cluster-1.rylgk.mongodb.net, srvServiceName=mongodb, mode=MULTIPLE, requiredClusterType=REPLICA_SET, requiredReplicaSetName='atlas-vamz5w-shard-0', serverSelector='null', clusterListeners='[]', serverSelectionTimeout='30000 ms', localThreshold='15 ms'}, socketSettings=SocketSettings{connectTimeoutMS=10000, readTimeoutMS=0, receiveBufferSize=0, proxySettings=ProxySettings{host=null, port=null, username=null, password=null}}, heartbeatSocketSettings=SocketSettings{connectTimeoutMS=10000, readTimeoutMS=10000, receiveBufferSize=0, proxySettings=ProxySettings{host=null, port=null, username=null, password=null}}, connectionPoolSettings=ConnectionPoolSettings{maxSize=100, minSize=0, maxWaitTimeMS=120000, maxConnectionLifeTimeMS=0, maxConnectionIdleTimeMS=0, maintenanceInitialDelayMS=0, maintenanceFrequencyMS=60000, connectionPoolListeners=[], maxConnecting=2}, serverSettings=ServerSettings{heartbeatFrequencyMS=10000, minHeartbeatFrequencyMS=500, serverMonitoringMode=AUTO, serverListeners='[]', serverMonitorListeners='[]'}, sslSettings=SslSettings{enabled=true, invalidHostNameAllowed=false, context=null}, applicationName='Cluster-1', compressorList=[], uuidRepresentation=JAVA_LEGACY, serverApi=null, autoEncryptionSettings=null, dnsClient=null, inetAddressResolver=null, contextProvider=null, timeoutMS=null}
2025-03-31T21:37:27.215+07:00  INFO 9520 --- [account-service] [lgk.mongodb.net] org.mongodb.driver.cluster               : Adding discovered server cluster-1-shard-00-01.rylgk.mongodb.net:27017 to client view of cluster
2025-03-31T21:37:27.266+07:00  INFO 9520 --- [account-service] [lgk.mongodb.net] org.mongodb.driver.cluster               : Adding discovered server cluster-1-shard-00-00.rylgk.mongodb.net:27017 to client view of cluster
2025-03-31T21:37:30.304+07:00  INFO 9520 --- [account-service] [ngodb.net:27017] org.mongodb.driver.cluster               : Monitor thread successfully connected to server with description ServerDescription{address=cluster-1-shard-00-01.rylgk.mongodb.net:27017, type=REPLICA_SET_SECONDARY, cryptd=false, state=CONNECTED, ok=true, minWireVersion=0, maxWireVersion=25, maxDocumentSize=16777216, logicalSessionTimeoutMinutes=30, roundTripTimeNanos=1068792400, minRoundTripTimeNanos=0, setName='atlas-vamz5w-shard-0', canonicalAddress=cluster-1-shard-00-01.rylgk.mongodb.net:27017, hosts=[cluster-1-shard-00-00.rylgk.mongodb.net:27017, cluster-1-shard-00-01.rylgk.mongodb.net:27017, cluster-1-shard-00-02.rylgk.mongodb.net:27017], passives=[], arbiters=[], primary='cluster-1-shard-00-02.rylgk.mongodb.net:27017', tagSet=TagSet{[Tag{name='availabilityZone', value='ape1-az2'}, Tag{name='diskState', value='READY'}, Tag{name='nodeType', value='ELECTABLE'}, Tag{name='provider', value='AWS'}, Tag{name='region', value='AP_EAST_1'}, Tag{name='workloadType', value='OPERATIONAL'}]}, electionId=null, setVersion=11, topologyVersion=TopologyVersion{processId=67d82cb02765945e84a79396, counter=3}, lastWriteDate=Mon Mar 31 21:37:29 ICT 2025, lastUpdateTimeNanos=957346172231900}
2025-03-31T21:37:30.434+07:00  INFO 9520 --- [account-service] [ngodb.net:27017] org.mongodb.driver.cluster               : Monitor thread successfully connected to server with description ServerDescription{address=cluster-1-shard-00-00.rylgk.mongodb.net:27017, type=REPLICA_SET_SECONDARY, cryptd=false, state=CONNECTED, ok=true, minWireVersion=0, maxWireVersion=25, maxDocumentSize=16777216, logicalSessionTimeoutMinutes=30, roundTripTimeNanos=1175143200, minRoundTripTimeNanos=0, setName='atlas-vamz5w-shard-0', canonicalAddress=cluster-1-shard-00-00.rylgk.mongodb.net:27017, hosts=[cluster-1-shard-00-00.rylgk.mongodb.net:27017, cluster-1-shard-00-01.rylgk.mongodb.net:27017, cluster-1-shard-00-02.rylgk.mongodb.net:27017], passives=[], arbiters=[], primary='cluster-1-shard-00-02.rylgk.mongodb.net:27017', tagSet=TagSet{[Tag{name='availabilityZone', value='ape1-az1'}, Tag{name='diskState', value='READY'}, Tag{name='nodeType', value='ELECTABLE'}, Tag{name='provider', value='AWS'}, Tag{name='region', value='AP_EAST_1'}, Tag{name='workloadType', value='OPERATIONAL'}]}, electionId=null, setVersion=11, topologyVersion=TopologyVersion{processId=67dc17d350c920d52fee31bb, counter=3}, lastWriteDate=Mon Mar 31 21:37:29 ICT 2025, lastUpdateTimeNanos=957346278467000}
2025-03-31T21:37:30.455+07:00  INFO 9520 --- [account-service] [ngodb.net:27017] org.mongodb.driver.cluster               : Monitor thread successfully connected to server with description ServerDescription{address=cluster-1-shard-00-02.rylgk.mongodb.net:27017, type=REPLICA_SET_PRIMARY, cryptd=false, state=CONNECTED, ok=true, minWireVersion=0, maxWireVersion=25, maxDocumentSize=16777216, logicalSessionTimeoutMinutes=30, roundTripTimeNanos=1050005400, minRoundTripTimeNanos=0, setName='atlas-vamz5w-shard-0', canonicalAddress=cluster-1-shard-00-02.rylgk.mongodb.net:27017, hosts=[cluster-1-shard-00-00.rylgk.mongodb.net:27017, cluster-1-shard-00-01.rylgk.mongodb.net:27017, cluster-1-shard-00-02.rylgk.mongodb.net:27017], passives=[], arbiters=[], primary='cluster-1-shard-00-02.rylgk.mongodb.net:27017', tagSet=TagSet{[Tag{name='availabilityZone', value='ape1-az3'}, Tag{name='diskState', value='READY'}, Tag{name='nodeType', value='ELECTABLE'}, Tag{name='provider', value='AWS'}, Tag{name='region', value='AP_EAST_1'}, Tag{name='workloadType', value='OPERATIONAL'}]}, electionId=7fffffff000000000000002b, setVersion=11, topologyVersion=TopologyVersion{processId=67d4c278a1bc2fa80382d97c, counter=6}, lastWriteDate=Mon Mar 31 21:37:29 ICT 2025, lastUpdateTimeNanos=957346169267800}
2025-03-31T21:37:30.462+07:00  INFO 9520 --- [account-service] [ngodb.net:27017] org.mongodb.driver.cluster               : Discovered replica set primary cluster-1-shard-00-02.rylgk.mongodb.net:27017 with max election id 7fffffff000000000000002b and max set version 11
2025-03-31T21:37:33.420+07:00  WARN 9520 --- [account-service] [           main] .s.s.UserDetailsServiceAutoConfiguration : 

Using generated security password: c94f2969-8559-4eef-b7ba-8e30fb93ccf7

This generated password is for development use only. Your security configuration must be updated before running your application in production.

2025-03-31T21:37:33.453+07:00  INFO 9520 --- [account-service] [           main] r$InitializeUserDetailsManagerConfigurer : Global AuthenticationManager configured with UserDetailsService bean with name inMemoryUserDetailsManager
2025-03-31T21:37:34.576+07:00 DEBUG 9520 --- [account-service] [           main] s.w.s.m.m.a.RequestMappingHandlerMapping : 9 mappings in 'requestMappingHandlerMapping'
2025-03-31T21:37:34.923+07:00 DEBUG 9520 --- [account-service] [           main] o.s.w.s.handler.SimpleUrlHandlerMapping  : Patterns [/webjars/**, /**] in 'resourceHandlerMapping'
2025-03-31T21:37:36.165+07:00 DEBUG 9520 --- [account-service] [           main] o.s.s.concurrent.ThreadPoolTaskExecutor  : Initializing ExecutorService 'applicationTaskExecutor'
2025-03-31T21:37:36.206+07:00 DEBUG 9520 --- [account-service] [           main] s.w.s.m.m.a.RequestMappingHandlerAdapter : ControllerAdvice beans: 0 @ModelAttribute, 0 @InitBinder, 1 RequestBodyAdvice, 1 ResponseBodyAdvice
2025-03-31T21:37:36.432+07:00 DEBUG 9520 --- [account-service] [           main] .m.m.a.ExceptionHandlerExceptionResolver : ControllerAdvice beans: 1 @ExceptionHandler, 1 ResponseBodyAdvice
2025-03-31T21:37:36.586+07:00 DEBUG 9520 --- [account-service] [           main] .m.m.a.ExceptionHandlerExceptionResolver : ControllerAdvice beans: 1 @ExceptionHandler, 0 ResponseBodyAdvice
2025-03-31T21:37:37.993+07:00  INFO 9520 --- [account-service] [           main] org.mongodb.driver.client                : MongoClient with metadata {"application": {"name": "Cluster-1"}, "driver": {"name": "mongo-java-driver|reactive-streams|spring-boot", "version": "5.2.1"}, "os": {"type": "Windows", "name": "Windows 10", "architecture": "amd64", "version": "10.0"}, "platform": "Java/Oracle Corporation/22.0.2+9-70"} created with settings MongoClientSettings{readPreference=primary, writeConcern=WriteConcern{w=majority, wTimeout=null ms, journal=null}, retryWrites=true, retryReads=true, readConcern=ReadConcern{level=null}, credential=MongoCredential{mechanism=null, userName='admin', source='admin', password=<hidden>, mechanismProperties=<hidden>}, transportSettings=NettyTransportSettings{eventLoopGroup=io.netty.channel.nio.NioEventLoopGroup@5d515e2c, socketChannelClass=null, allocator=null, sslContext=null}, commandListeners=[], codecRegistry=ProvidersCodecRegistry{codecProviders=[ValueCodecProvider{}, BsonValueCodecProvider{}, DBRefCodecProvider{}, DBObjectCodecProvider{}, DocumentCodecProvider{}, CollectionCodecProvider{}, IterableCodecProvider{}, MapCodecProvider{}, GeoJsonCodecProvider{}, GridFSFileCodecProvider{}, Jsr310CodecProvider{}, JsonObjectCodecProvider{}, BsonCodecProvider{}, EnumCodecProvider{}, com.mongodb.client.model.mql.ExpressionCodecProvider@63dda940, com.mongodb.Jep395RecordCodecProvider@41f964f9, com.mongodb.KotlinCodecProvider@652e345]}, loggerSettings=LoggerSettings{maxDocumentLength=1000}, clusterSettings={hosts=[127.0.0.1:27017], srvHost=cluster-1.rylgk.mongodb.net, srvServiceName=mongodb, mode=MULTIPLE, requiredClusterType=REPLICA_SET, requiredReplicaSetName='atlas-vamz5w-shard-0', serverSelector='null', clusterListeners='[]', serverSelectionTimeout='30000 ms', localThreshold='15 ms'}, socketSettings=SocketSettings{connectTimeoutMS=10000, readTimeoutMS=0, receiveBufferSize=0, proxySettings=ProxySettings{host=null, port=null, username=null, password=null}}, heartbeatSocketSettings=SocketSettings{connectTimeoutMS=10000, readTimeoutMS=10000, receiveBufferSize=0, proxySettings=ProxySettings{host=null, port=null, username=null, password=null}}, connectionPoolSettings=ConnectionPoolSettings{maxSize=100, minSize=0, maxWaitTimeMS=120000, maxConnectionLifeTimeMS=0, maxConnectionIdleTimeMS=0, maintenanceInitialDelayMS=0, maintenanceFrequencyMS=60000, connectionPoolListeners=[], maxConnecting=2}, serverSettings=ServerSettings{heartbeatFrequencyMS=10000, minHeartbeatFrequencyMS=500, serverMonitoringMode=AUTO, serverListeners='[]', serverMonitorListeners='[]'}, sslSettings=SslSettings{enabled=true, invalidHostNameAllowed=false, context=null}, applicationName='Cluster-1', compressorList=[], uuidRepresentation=JAVA_LEGACY, serverApi=null, autoEncryptionSettings=null, dnsClient=null, inetAddressResolver=null, contextProvider=null, timeoutMS=null}
2025-03-31T21:37:38.010+07:00  INFO 9520 --- [account-service] [lgk.mongodb.net] org.mongodb.driver.cluster               : Adding discovered server cluster-1-shard-00-02.rylgk.mongodb.net:27017 to client view of cluster
2025-03-31T21:37:38.037+07:00  INFO 9520 --- [account-service] [lgk.mongodb.net] org.mongodb.driver.cluster               : Adding discovered server cluster-1-shard-00-01.rylgk.mongodb.net:27017 to client view of cluster
2025-03-31T21:37:38.044+07:00  INFO 9520 --- [account-service] [lgk.mongodb.net] org.mongodb.driver.cluster               : Adding discovered server cluster-1-shard-00-00.rylgk.mongodb.net:27017 to client view of cluster
2025-03-31T21:37:38.229+07:00  INFO 9520 --- [account-service] [ngodb.net:27017] org.mongodb.driver.cluster               : Monitor thread successfully connected to server with description ServerDescription{address=cluster-1-shard-00-01.rylgk.mongodb.net:27017, type=REPLICA_SET_SECONDARY, cryptd=false, state=CONNECTED, ok=true, minWireVersion=0, maxWireVersion=25, maxDocumentSize=16777216, logicalSessionTimeoutMinutes=30, roundTripTimeNanos=65350800, minRoundTripTimeNanos=0, setName='atlas-vamz5w-shard-0', canonicalAddress=cluster-1-shard-00-01.rylgk.mongodb.net:27017, hosts=[cluster-1-shard-00-00.rylgk.mongodb.net:27017, cluster-1-shard-00-01.rylgk.mongodb.net:27017, cluster-1-shard-00-02.rylgk.mongodb.net:27017], passives=[], arbiters=[], primary='cluster-1-shard-00-02.rylgk.mongodb.net:27017', tagSet=TagSet{[Tag{name='availabilityZone', value='ape1-az2'}, Tag{name='diskState', value='READY'}, Tag{name='nodeType', value='ELECTABLE'}, Tag{name='provider', value='AWS'}, Tag{name='region', value='AP_EAST_1'}, Tag{name='workloadType', value='OPERATIONAL'}]}, electionId=null, setVersion=11, topologyVersion=TopologyVersion{processId=67d82cb02765945e84a79396, counter=3}, lastWriteDate=Mon Mar 31 21:37:38 ICT 2025, lastUpdateTimeNanos=957354108138900}
2025-03-31T21:37:38.235+07:00  INFO 9520 --- [account-service] [ngodb.net:27017] org.mongodb.driver.cluster               : Monitor thread successfully connected to server with description ServerDescription{address=cluster-1-shard-00-02.rylgk.mongodb.net:27017, type=REPLICA_SET_PRIMARY, cryptd=false, state=CONNECTED, ok=true, minWireVersion=0, maxWireVersion=25, maxDocumentSize=16777216, logicalSessionTimeoutMinutes=30, roundTripTimeNanos=69035300, minRoundTripTimeNanos=0, setName='atlas-vamz5w-shard-0', canonicalAddress=cluster-1-shard-00-02.rylgk.mongodb.net:27017, hosts=[cluster-1-shard-00-00.rylgk.mongodb.net:27017, cluster-1-shard-00-01.rylgk.mongodb.net:27017, cluster-1-shard-00-02.rylgk.mongodb.net:27017], passives=[], arbiters=[], primary='cluster-1-shard-00-02.rylgk.mongodb.net:27017', tagSet=TagSet{[Tag{name='availabilityZone', value='ape1-az3'}, Tag{name='diskState', value='READY'}, Tag{name='nodeType', value='ELECTABLE'}, Tag{name='provider', value='AWS'}, Tag{name='region', value='AP_EAST_1'}, Tag{name='workloadType', value='OPERATIONAL'}]}, electionId=7fffffff000000000000002b, setVersion=11, topologyVersion=TopologyVersion{processId=67d4c278a1bc2fa80382d97c, counter=6}, lastWriteDate=Mon Mar 31 21:37:38 ICT 2025, lastUpdateTimeNanos=957354112933800}
2025-03-31T21:37:38.237+07:00  INFO 9520 --- [account-service] [ngodb.net:27017] org.mongodb.driver.cluster               : Discovered replica set primary cluster-1-shard-00-02.rylgk.mongodb.net:27017 with max election id 7fffffff000000000000002b and max set version 11
2025-03-31T21:37:38.245+07:00  INFO 9520 --- [account-service] [ngodb.net:27017] org.mongodb.driver.cluster               : Monitor thread successfully connected to server with description ServerDescription{address=cluster-1-shard-00-00.rylgk.mongodb.net:27017, type=REPLICA_SET_SECONDARY, cryptd=false, state=CONNECTED, ok=true, minWireVersion=0, maxWireVersion=25, maxDocumentSize=16777216, logicalSessionTimeoutMinutes=30, roundTripTimeNanos=66316800, minRoundTripTimeNanos=0, setName='atlas-vamz5w-shard-0', canonicalAddress=cluster-1-shard-00-00.rylgk.mongodb.net:27017, hosts=[cluster-1-shard-00-00.rylgk.mongodb.net:27017, cluster-1-shard-00-01.rylgk.mongodb.net:27017, cluster-1-shard-00-02.rylgk.mongodb.net:27017], passives=[], arbiters=[], primary='cluster-1-shard-00-02.rylgk.mongodb.net:27017', tagSet=TagSet{[Tag{name='availabilityZone', value='ape1-az1'}, Tag{name='diskState', value='READY'}, Tag{name='nodeType', value='ELECTABLE'}, Tag{name='provider', value='AWS'}, Tag{name='region', value='AP_EAST_1'}, Tag{name='workloadType', value='OPERATIONAL'}]}, electionId=null, setVersion=11, topologyVersion=TopologyVersion{processId=67dc17d350c920d52fee31bb, counter=3}, lastWriteDate=Mon Mar 31 21:37:38 ICT 2025, lastUpdateTimeNanos=957354124061200}
2025-03-31T21:37:38.750+07:00 DEBUG 9520 --- [account-service] [           main] o.s.s.c.ThreadPoolTaskScheduler          : Initializing ExecutorService 'taskScheduler'
2025-03-31T21:37:38.878+07:00  INFO 9520 --- [account-service] [           main] o.j.s.t.VirtualThreadJobRunrExecutor     : ThreadManager of type 'VirtualThreadPerTask' started
2025-03-31T21:37:39.082+07:00  INFO 9520 --- [account-service] [           main] o.j.dashboard.JobRunrDashboardWebServer  : JobRunr Dashboard using InMemoryStorageProvider started at http://localhost:8079/dashboard
2025-03-31T21:37:39.189+07:00  INFO 9520 --- [account-service] [           main] c.a.AccountServiceApplicationTests       : Started AccountServiceApplicationTests in 20.8 seconds (process running for 24.355)
2025-03-31T21:37:40.333+07:00  INFO 9520 --- [account-service] [pool-4-thread-1] org.jobrunr.server.BackgroundJobServer   : JobRunr BackgroundJobServer (61f0b811-37bd-46b5-8719-296eec9d1c4d) using InMemoryStorageProvider and 64 BackgroundJobPerformers started successfully
2025-03-31T21:37:40.349+07:00  INFO 9520 --- [account-service] [pool-4-thread-1] org.jobrunr.server.ServerZooKeeper       : Server 61f0b811-37bd-46b5-8719-296eec9d1c4d is master (this BackgroundJobServer)
2025-03-31T21:37:40.368+07:00  INFO 9520 --- [account-service] [pool-6-thread-1] o.j.s.t.startup.MigrateFromV5toV6Task    : Migration of scheduled jobs from v5 to v6 not needed as not using an SqlStorageProvider
]]></system-out>
    <system-err><![CDATA[Mockito is currently self-attaching to enable the inline-mock-maker. This will no longer work in future releases of the JDK. Please add Mockito as an agent to your build what is described in Mockito's documentation: https://javadoc.io/doc/org.mockito/mockito-core/latest/org/mockito/Mockito.html#0.3
WARNING: A Java agent has been loaded dynamically (C:\Users\hiepg\.m2\repository\net\bytebuddy\byte-buddy-agent\1.15.11\byte-buddy-agent-1.15.11.jar)
WARNING: If a serviceability tool is in use, please run with -XX:+EnableDynamicAgentLoading to hide this warning
WARNING: If a serviceability tool is not in use, please run with -Djdk.instrument.traceUsage for more information
WARNING: Dynamic loading of agents will be disallowed by default in a future release
]]></system-err>
  </testcase>
</testsuite>