<?xml version="1.0" encoding="UTF-8"?>
<testsuite xmlns:xsi="http://www.w3.org/2001/XMLSchema-instance" xsi:noNamespaceSchemaLocation="https://maven.apache.org/surefire/maven-surefire-plugin/xsd/surefire-test-report-3.0.xsd" version="3.0" name="com.project.apigateway.ApiGatewayApplicationTests" time="22.948" tests="1" errors="0" skipped="0" failures="0">
  <properties>
[...]
</properties>
  <testcase name="contextLoads" classname="com.project.apigateway.ApiGatewayApplicationTests" time="2.734">
    <system-out><![CDATA[20:32:09.222 [main] INFO org.springframework.test.context.support.AnnotationConfigContextLoaderUtils -- Could not detect default configuration classes for test class [com.project.apigateway.ApiGatewayApplicationTests]: ApiGatewayApplicationTests does not declare any static, non-private, non-final, nested classes annotated with @Configuration.
20:32:09.962 [main] INFO org.springframework.boot.test.context.SpringBootTestContextBootstrapper -- Found @SpringBootConfiguration com.project.apigateway.ApiGatewayApplication for test class com.project.apigateway.ApiGatewayApplicationTests

  .   ____          _            __ _ _
 /\\ / ___'_ __ _ _(_)_ __  __ _ \ \ \ \
( ( )\___ | '_ | '_| | '_ \/ _` | \ \ \ \
 \\/  ___)| |_)| | | | | || (_| |  ) ) ) )
  '  |____| .__|_| |_|_| |_\__, | / / / /
 =========|_|==============|___/=/_/_/_/

20:32:15.492 [background-preinit] INFO  org.hibernate.validator.internal.util.Version - HV000001: Hibernate Validator 8.0.2.Final
 :: Spring Boot ::                (v3.4.3)

20:32:16.284 [main] INFO  com.project.apigateway.ApiGatewayApplicationTests - Starting ApiGatewayApplicationTests using Java 22.0.2 with PID 16340 (started by hiepg in D:\Code\Big Apps\Hybrid-Blockchain-Based-Stock-Trading-Platform-with-Arbitrage-Bot\BE\API-gateway)
20:32:16.285 [main] DEBUG com.project.apigateway.ApiGatewayApplicationTests - Running with Spring Boot v3.4.3, Spring v6.2.3
20:32:16.288 [main] INFO  com.project.apigateway.ApiGatewayApplicationTests - The following 1 profile is active: "product"
20:32:18.681 [main] TRACE org.springframework.cloud.gateway.config.conditional.OnEnabledGlobalFilter - Condition OnEnabledGlobalFilter on org.springframework.cloud.gateway.config.GatewayAutoConfiguration$NettyConfiguration#routingFilter matched
20:32:18.683 [main] TRACE org.springframework.cloud.gateway.config.conditional.OnEnabledGlobalFilter - Condition OnEnabledGlobalFilter on org.springframework.cloud.gateway.config.GatewayAutoConfiguration$NettyConfiguration#nettyWriteResponseFilter matched
20:32:18.685 [main] TRACE org.springframework.cloud.gateway.config.conditional.OnEnabledGlobalFilter - Condition OnEnabledGlobalFilter on org.springframework.cloud.gateway.config.GatewayAutoConfiguration$NettyConfiguration#reactorNettyWebSocketClient matched
20:32:18.687 [main] TRACE org.springframework.cloud.gateway.config.conditional.OnEnabledGlobalFilter - Condition OnEnabledGlobalFilter on org.springframework.cloud.gateway.config.GatewayAutoConfiguration$NettyConfiguration#reactorNettyRequestUpgradeStrategy matched
20:32:18.818 [main] TRACE org.springframework.cloud.gateway.config.conditional.OnEnabledGlobalFilter - Condition OnEnabledGlobalFilter on org.springframework.cloud.gateway.config.GatewayAutoConfiguration#adaptCachedBodyGlobalFilter matched
20:32:18.821 [main] TRACE org.springframework.cloud.gateway.config.conditional.OnEnabledGlobalFilter - Condition OnEnabledGlobalFilter on org.springframework.cloud.gateway.config.GatewayAutoConfiguration#removeCachedBodyFilter matched
20:32:18.825 [main] TRACE org.springframework.cloud.gateway.config.conditional.OnEnabledGlobalFilter - Condition OnEnabledGlobalFilter on org.springframework.cloud.gateway.config.GatewayAutoConfiguration#routeToRequestUrlFilter matched
20:32:18.827 [main] TRACE org.springframework.cloud.gateway.config.conditional.OnEnabledGlobalFilter - Condition OnEnabledGlobalFilter on org.springframework.cloud.gateway.config.GatewayAutoConfiguration#forwardRoutingFilter matched
20:32:18.830 [main] TRACE org.springframework.cloud.gateway.config.conditional.OnEnabledGlobalFilter - Condition OnEnabledGlobalFilter on org.springframework.cloud.gateway.config.GatewayAutoConfiguration#forwardPathFilter matched
20:32:18.831 [main] TRACE org.springframework.cloud.gateway.config.conditional.OnEnabledGlobalFilter - Condition OnEnabledGlobalFilter on org.springframework.cloud.gateway.config.GatewayAutoConfiguration#webSocketService matched
20:32:18.833 [main] TRACE org.springframework.cloud.gateway.config.conditional.OnEnabledGlobalFilter - Condition OnEnabledGlobalFilter on org.springframework.cloud.gateway.config.GatewayAutoConfiguration#websocketRoutingFilter matched
20:32:18.835 [main] TRACE org.springframework.cloud.gateway.config.conditional.OnEnabledPredicate - Condition OnEnabledPredicate on org.springframework.cloud.gateway.config.GatewayAutoConfiguration#weightCalculatorWebFilter matched
20:32:18.836 [main] TRACE org.springframework.cloud.gateway.config.conditional.OnEnabledPredicate - Condition OnEnabledPredicate on org.springframework.cloud.gateway.config.GatewayAutoConfiguration#afterRoutePredicateFactory matched
20:32:18.837 [main] TRACE org.springframework.cloud.gateway.config.conditional.OnEnabledPredicate - Condition OnEnabledPredicate on org.springframework.cloud.gateway.config.GatewayAutoConfiguration#beforeRoutePredicateFactory matched
20:32:18.838 [main] TRACE org.springframework.cloud.gateway.config.conditional.OnEnabledPredicate - Condition OnEnabledPredicate on org.springframework.cloud.gateway.config.GatewayAutoConfiguration#betweenRoutePredicateFactory matched
20:32:18.844 [main] TRACE org.springframework.cloud.gateway.config.conditional.OnEnabledPredicate - Condition OnEnabledPredicate on org.springframework.cloud.gateway.config.GatewayAutoConfiguration#cookieRoutePredicateFactory matched
20:32:18.846 [main] TRACE org.springframework.cloud.gateway.config.conditional.OnEnabledPredicate - Condition OnEnabledPredicate on org.springframework.cloud.gateway.config.GatewayAutoConfiguration#headerRoutePredicateFactory matched
20:32:18.851 [main] TRACE org.springframework.cloud.gateway.config.conditional.OnEnabledPredicate - Condition OnEnabledPredicate on org.springframework.cloud.gateway.config.GatewayAutoConfiguration#hostRoutePredicateFactory matched
20:32:18.853 [main] TRACE org.springframework.cloud.gateway.config.conditional.OnEnabledPredicate - Condition OnEnabledPredicate on org.springframework.cloud.gateway.config.GatewayAutoConfiguration#methodRoutePredicateFactory matched
20:32:18.854 [main] TRACE org.springframework.cloud.gateway.config.conditional.OnEnabledPredicate - Condition OnEnabledPredicate on org.springframework.cloud.gateway.config.GatewayAutoConfiguration#pathRoutePredicateFactory matched
20:32:18.856 [main] TRACE org.springframework.cloud.gateway.config.conditional.OnEnabledPredicate - Condition OnEnabledPredicate on org.springframework.cloud.gateway.config.GatewayAutoConfiguration#queryRoutePredicateFactory matched
20:32:18.859 [main] TRACE org.springframework.cloud.gateway.config.conditional.OnEnabledPredicate - Condition OnEnabledPredicate on org.springframework.cloud.gateway.config.GatewayAutoConfiguration#readBodyPredicateFactory matched
20:32:18.860 [main] TRACE org.springframework.cloud.gateway.config.conditional.OnEnabledPredicate - Condition OnEnabledPredicate on org.springframework.cloud.gateway.config.GatewayAutoConfiguration#remoteAddrRoutePredicateFactory matched
20:32:18.863 [main] TRACE org.springframework.cloud.gateway.config.conditional.OnEnabledPredicate - Condition OnEnabledPredicate on org.springframework.cloud.gateway.config.GatewayAutoConfiguration#xForwardedRemoteAddrRoutePredicateFactory matched
20:32:18.865 [main] TRACE org.springframework.cloud.gateway.config.conditional.OnEnabledPredicate - Condition OnEnabledPredicate on org.springframework.cloud.gateway.config.GatewayAutoConfiguration#weightRoutePredicateFactory matched
20:32:18.867 [main] TRACE org.springframework.cloud.gateway.config.conditional.OnEnabledPredicate - Condition OnEnabledPredicate on org.springframework.cloud.gateway.config.GatewayAutoConfiguration#cloudFoundryRouteServiceRoutePredicateFactory matched
20:32:18.869 [main] TRACE org.springframework.cloud.gateway.config.conditional.OnEnabledFilter - Condition OnEnabledFilter on org.springframework.cloud.gateway.config.GatewayAutoConfiguration#addRequestHeaderGatewayFilterFactory matched
20:32:18.870 [main] TRACE org.springframework.cloud.gateway.config.conditional.OnEnabledFilter - Condition OnEnabledFilter on org.springframework.cloud.gateway.config.GatewayAutoConfiguration#addRequestHeadersIfNotPresentGatewayFilterFactory matched
20:32:18.872 [main] TRACE org.springframework.cloud.gateway.config.conditional.OnEnabledFilter - Condition OnEnabledFilter on org.springframework.cloud.gateway.config.GatewayAutoConfiguration#mapRequestHeaderGatewayFilterFactory matched
20:32:18.875 [main] TRACE org.springframework.cloud.gateway.config.conditional.OnEnabledFilter - Condition OnEnabledFilter on org.springframework.cloud.gateway.config.GatewayAutoConfiguration#addRequestParameterGatewayFilterFactory matched
20:32:18.877 [main] TRACE org.springframework.cloud.gateway.config.conditional.OnEnabledFilter - Condition OnEnabledFilter on org.springframework.cloud.gateway.config.GatewayAutoConfiguration#addResponseHeaderGatewayFilterFactory matched
20:32:18.879 [main] TRACE org.springframework.cloud.gateway.config.conditional.OnEnabledFilter - Condition OnEnabledFilter on org.springframework.cloud.gateway.config.GatewayAutoConfiguration#modifyRequestBodyGatewayFilterFactory matched
20:32:18.882 [main] TRACE org.springframework.cloud.gateway.config.conditional.OnEnabledFilter - Condition OnEnabledFilter on org.springframework.cloud.gateway.config.GatewayAutoConfiguration#dedupeResponseHeaderGatewayFilterFactory matched
20:32:18.886 [main] TRACE org.springframework.cloud.gateway.config.conditional.OnEnabledFilter - Condition OnEnabledFilter on org.springframework.cloud.gateway.config.GatewayAutoConfiguration#modifyResponseBodyGatewayFilterFactory matched
20:32:18.888 [main] TRACE org.springframework.cloud.gateway.config.conditional.OnEnabledFilter - Condition OnEnabledFilter on org.springframework.cloud.gateway.config.GatewayAutoConfiguration#cacheRequestBodyGatewayFilterFactory matched
20:32:18.890 [main] TRACE org.springframework.cloud.gateway.config.conditional.OnEnabledFilter - Condition OnEnabledFilter on org.springframework.cloud.gateway.config.GatewayAutoConfiguration#prefixPathGatewayFilterFactory matched
20:32:18.892 [main] TRACE org.springframework.cloud.gateway.config.conditional.OnEnabledFilter - Condition OnEnabledFilter on org.springframework.cloud.gateway.config.GatewayAutoConfiguration#preserveHostHeaderGatewayFilterFactory matched
20:32:18.893 [main] TRACE org.springframework.cloud.gateway.config.conditional.OnEnabledFilter - Condition OnEnabledFilter on org.springframework.cloud.gateway.config.GatewayAutoConfiguration#redirectToGatewayFilterFactory matched
20:32:18.894 [main] TRACE org.springframework.cloud.gateway.config.conditional.OnEnabledFilter - Condition OnEnabledFilter on org.springframework.cloud.gateway.config.GatewayAutoConfiguration#removeJsonAttributesResponseBodyGatewayFilterFactory matched
20:32:18.896 [main] TRACE org.springframework.cloud.gateway.config.conditional.OnEnabledFilter - Condition OnEnabledFilter on org.springframework.cloud.gateway.config.GatewayAutoConfiguration#removeRequestHeaderGatewayFilterFactory matched
20:32:18.897 [main] TRACE org.springframework.cloud.gateway.config.conditional.OnEnabledFilter - Condition OnEnabledFilter on org.springframework.cloud.gateway.config.GatewayAutoConfiguration#removeRequestParameterGatewayFilterFactory matched
20:32:18.898 [main] TRACE org.springframework.cloud.gateway.config.conditional.OnEnabledFilter - Condition OnEnabledFilter on org.springframework.cloud.gateway.config.GatewayAutoConfiguration#removeResponseHeaderGatewayFilterFactory matched
20:32:18.936 [main] TRACE org.springframework.cloud.gateway.config.conditional.OnEnabledFilter - Condition OnEnabledFilter on org.springframework.cloud.gateway.config.GatewayAutoConfiguration#principalNameKeyResolver matched
20:32:18.940 [main] TRACE org.springframework.cloud.gateway.config.conditional.OnEnabledFilter - Condition OnEnabledFilter on org.springframework.cloud.gateway.config.GatewayAutoConfiguration#requestRateLimiterGatewayFilterFactory matched
20:32:18.942 [main] TRACE org.springframework.cloud.gateway.config.conditional.OnEnabledFilter - Condition OnEnabledFilter on org.springframework.cloud.gateway.config.GatewayAutoConfiguration#rewritePathGatewayFilterFactory matched
20:32:18.943 [main] TRACE org.springframework.cloud.gateway.config.conditional.OnEnabledFilter - Condition OnEnabledFilter on org.springframework.cloud.gateway.config.GatewayAutoConfiguration#retryGatewayFilterFactory matched
20:32:18.944 [main] TRACE org.springframework.cloud.gateway.config.conditional.OnEnabledFilter - Condition OnEnabledFilter on org.springframework.cloud.gateway.config.GatewayAutoConfiguration#setPathGatewayFilterFactory matched
20:32:18.945 [main] TRACE org.springframework.cloud.gateway.config.conditional.OnEnabledFilter - Condition OnEnabledFilter on org.springframework.cloud.gateway.config.GatewayAutoConfiguration#secureHeadersGatewayFilterFactory matched
20:32:18.946 [main] TRACE org.springframework.cloud.gateway.config.conditional.OnEnabledFilter - Condition OnEnabledFilter on org.springframework.cloud.gateway.config.GatewayAutoConfiguration#setRequestHeaderGatewayFilterFactory matched
20:32:18.947 [main] TRACE org.springframework.cloud.gateway.config.conditional.OnEnabledFilter - Condition OnEnabledFilter on org.springframework.cloud.gateway.config.GatewayAutoConfiguration#setRequestHostHeaderGatewayFilterFactory matched
20:32:18.948 [main] TRACE org.springframework.cloud.gateway.config.conditional.OnEnabledFilter - Condition OnEnabledFilter on org.springframework.cloud.gateway.config.GatewayAutoConfiguration#setResponseHeaderGatewayFilterFactory matched
20:32:18.950 [main] TRACE org.springframework.cloud.gateway.config.conditional.OnEnabledFilter - Condition OnEnabledFilter on org.springframework.cloud.gateway.config.GatewayAutoConfiguration#rewriteResponseHeaderGatewayFilterFactory matched
20:32:18.951 [main] TRACE org.springframework.cloud.gateway.config.conditional.OnEnabledFilter - Condition OnEnabledFilter on org.springframework.cloud.gateway.config.GatewayAutoConfiguration#rewriteLocationResponseHeaderGatewayFilterFactory matched
20:32:18.953 [main] TRACE org.springframework.cloud.gateway.config.conditional.OnEnabledFilter - Condition OnEnabledFilter on org.springframework.cloud.gateway.config.GatewayAutoConfiguration#setStatusGatewayFilterFactory matched
20:32:18.955 [main] TRACE org.springframework.cloud.gateway.config.conditional.OnEnabledFilter - Condition OnEnabledFilter on org.springframework.cloud.gateway.config.GatewayAutoConfiguration#saveSessionGatewayFilterFactory matched
20:32:18.956 [main] TRACE org.springframework.cloud.gateway.config.conditional.OnEnabledFilter - Condition OnEnabledFilter on org.springframework.cloud.gateway.config.GatewayAutoConfiguration#stripPrefixGatewayFilterFactory matched
20:32:18.957 [main] TRACE org.springframework.cloud.gateway.config.conditional.OnEnabledFilter - Condition OnEnabledFilter on org.springframework.cloud.gateway.config.GatewayAutoConfiguration#requestHeaderToRequestUriGatewayFilterFactory matched
20:32:18.959 [main] TRACE org.springframework.cloud.gateway.config.conditional.OnEnabledFilter - Condition OnEnabledFilter on org.springframework.cloud.gateway.config.GatewayAutoConfiguration#requestSizeGatewayFilterFactory matched
20:32:18.960 [main] TRACE org.springframework.cloud.gateway.config.conditional.OnEnabledFilter - Condition OnEnabledFilter on org.springframework.cloud.gateway.config.GatewayAutoConfiguration#requestHeaderSizeGatewayFilterFactory matched
20:32:18.969 [main] TRACE org.springframework.cloud.gateway.config.conditional.OnEnabledFilter - Condition OnEnabledFilter on org.springframework.cloud.gateway.config.GatewayAutoConfiguration#rewriteRequestParameterGatewayFilterFactory matched
20:32:19.254 [main] INFO  org.springframework.data.repository.config.RepositoryConfigurationDelegate - Multiple Spring Data modules found, entering strict repository configuration mode
20:32:19.261 [main] INFO  org.springframework.data.repository.config.RepositoryConfigurationDelegate - Bootstrapping Spring Data Redis repositories in DEFAULT mode.
20:32:19.371 [main] INFO  org.springframework.data.repository.config.RepositoryConfigurationDelegate - Finished Spring Data repository scanning in 35 ms. Found 0 Redis repository interfaces.
20:32:19.967 [main] INFO  org.springframework.cloud.context.scope.GenericScope - BeanFactory id=800070d0-a8ab-3912-bec1-d07e602e64bc
20:32:21.279 [main] INFO  org.springframework.boot.autoconfigure.security.reactive.ReactiveUserDetailsServiceAutoConfiguration - 

Using generated security password: e3baa234-0ed1-482f-917d-6d7ede8edfa5

20:32:25.809 [main] DEBUG org.springframework.cloud.gateway.config.GatewayProperties - Routes supplied from Gateway Properties: [RouteDefinition{id='user-service-route', predicates=[PredicateDefinition{name='Path', args={_genkey_0=/users/**}}], filters=[], uri=https://user-service-test.up.railway.app, order=0, metadata={}, enabled=true}, RouteDefinition{id='wallet-service-route', predicates=[PredicateDefinition{name='Path', args={_genkey_0=/wallets/**}}], filters=[], uri=https://wallet-service-test.up.railway.app, order=0, metadata={}, enabled=true}]
20:32:26.389 [main] INFO  org.springframework.cloud.gateway.route.RouteDefinitionRouteLocator - Loaded RoutePredicateFactory [After]
20:32:26.390 [main] INFO  org.springframework.cloud.gateway.route.RouteDefinitionRouteLocator - Loaded RoutePredicateFactory [Before]
20:32:26.391 [main] INFO  org.springframework.cloud.gateway.route.RouteDefinitionRouteLocator - Loaded RoutePredicateFactory [Between]
20:32:26.392 [main] INFO  org.springframework.cloud.gateway.route.RouteDefinitionRouteLocator - Loaded RoutePredicateFactory [Cookie]
20:32:26.392 [main] INFO  org.springframework.cloud.gateway.route.RouteDefinitionRouteLocator - Loaded RoutePredicateFactory [Header]
20:32:26.392 [main] INFO  org.springframework.cloud.gateway.route.RouteDefinitionRouteLocator - Loaded RoutePredicateFactory [Host]
20:32:26.392 [main] INFO  org.springframework.cloud.gateway.route.RouteDefinitionRouteLocator - Loaded RoutePredicateFactory [Method]
20:32:26.392 [main] INFO  org.springframework.cloud.gateway.route.RouteDefinitionRouteLocator - Loaded RoutePredicateFactory [Path]
20:32:26.393 [main] INFO  org.springframework.cloud.gateway.route.RouteDefinitionRouteLocator - Loaded RoutePredicateFactory [Query]
20:32:26.395 [main] INFO  org.springframework.cloud.gateway.route.RouteDefinitionRouteLocator - Loaded RoutePredicateFactory [ReadBody]
20:32:26.396 [main] INFO  org.springframework.cloud.gateway.route.RouteDefinitionRouteLocator - Loaded RoutePredicateFactory [RemoteAddr]
20:32:26.396 [main] INFO  org.springframework.cloud.gateway.route.RouteDefinitionRouteLocator - Loaded RoutePredicateFactory [XForwardedRemoteAddr]
20:32:26.396 [main] INFO  org.springframework.cloud.gateway.route.RouteDefinitionRouteLocator - Loaded RoutePredicateFactory [Weight]
20:32:26.397 [main] INFO  org.springframework.cloud.gateway.route.RouteDefinitionRouteLocator - Loaded RoutePredicateFactory [CloudFoundryRouteService]
20:32:27.381 [main] DEBUG org.springframework.cloud.gateway.route.RouteDefinitionRouteLocator - RouteDefinition user-service-route applying {_genkey_0=/users/**} to Path
20:32:27.480 [main] DEBUG org.springframework.cloud.gateway.route.RouteDefinitionRouteLocator - RouteDefinition matched: user-service-route
20:32:27.481 [main] DEBUG org.springframework.cloud.gateway.route.RouteDefinitionRouteLocator - RouteDefinition wallet-service-route applying {_genkey_0=/wallets/**} to Path
20:32:27.485 [main] DEBUG org.springframework.cloud.gateway.route.RouteDefinitionRouteLocator - RouteDefinition matched: wallet-service-route
20:32:27.508 [main] INFO  com.project.apigateway.ApiGatewayApplicationTests - Started ApiGatewayApplicationTests in 14.611 seconds (process running for 25.268)
]]></system-out>
    <system-err><![CDATA[Mockito is currently self-attaching to enable the inline-mock-maker. This will no longer work in future releases of the JDK. Please add Mockito as an agent to your build what is described in Mockito's documentation: https://javadoc.io/doc/org.mockito/mockito-core/latest/org/mockito/Mockito.html#0.3
WARNING: A Java agent has been loaded dynamically (C:\Users\hiepg\.m2\repository\net\bytebuddy\byte-buddy-agent\1.15.11\byte-buddy-agent-1.15.11.jar)
WARNING: If a serviceability tool is in use, please run with -XX:+EnableDynamicAgentLoading to hide this warning
WARNING: If a serviceability tool is not in use, please run with -Djdk.instrument.traceUsage for more information
WARNING: Dynamic loading of agents will be disallowed by default in a future release
]]></system-err>
  </testcase>
</testsuite>