<?xml version="1.0" encoding="UTF-8"?>
<testsuite xmlns:xsi="http://www.w3.org/2001/XMLSchema-instance" xsi:noNamespaceSchemaLocation="https://maven.apache.org/surefire/maven-surefire-plugin/xsd/surefire-test-report-3.0.xsd" version="3.0" name="com.project.walletservice.WalletServiceApplicationTests" time="20.353" tests="1" errors="0" skipped="0" failures="0">
  <properties>
[...]
</properties>
  <testcase name="contextLoads" classname="com.project.walletservice.WalletServiceApplicationTests" time="2.436">
    <system-out><![CDATA[20:36:31.124 [main] INFO org.springframework.test.context.support.AnnotationConfigContextLoaderUtils -- Could not detect default configuration classes for test class [com.project.walletservice.WalletServiceApplicationTests]: WalletServiceApplicationTests does not declare any static, non-private, non-final, nested classes annotated with @Configuration.
20:36:31.626 [main] INFO org.springframework.boot.test.context.SpringBootTestContextBootstrapper -- Found @SpringBootConfiguration com.project.walletservice.WalletServiceApplication for test class com.project.walletservice.WalletServiceApplicationTests
20:36:32.277 [main] INFO org.springframework.boot.devtools.restart.RestartApplicationListener -- Restart disabled due to context in which it is running

  .   ____          _            __ _ _
 /\\ / ___'_ __ _ _(_)_ __  __ _ \ \ \ \
( ( )\___ | '_ | '_| | '_ \/ _` | \ \ \ \
 \\/  ___)| |_)| | | | | || (_| |  ) ) ) )
  '  |____| .__|_| |_|_| |_\__, | / / / /
 =========|_|==============|___/=/_/_/_/

 :: Spring Boot ::                (v3.4.3)

2025-03-09T20:36:33.868+07:00  INFO 3716 --- [wallet-service] [           main] c.p.w.WalletServiceApplicationTests      : Starting WalletServiceApplicationTests using Java 22.0.2 with PID 3716 (started by hiepg in D:\Code\Big Apps\Hybrid-Blockchain-Based-Stock-Trading-Platform-with-Arbitrage-Bot\BE\wallet-service)
2025-03-09T20:36:33.876+07:00  INFO 3716 --- [wallet-service] [           main] c.p.w.WalletServiceApplicationTests      : The following 1 profile is active: "product"
2025-03-09T20:36:33.985+07:00 DEBUG 3716 --- [wallet-service] [           main] o.s.w.c.s.GenericWebApplicationContext   : Refreshing org.springframework.web.context.support.GenericWebApplicationContext@654b72c0
2025-03-09T20:36:37.976+07:00  INFO 3716 --- [wallet-service] [           main] .s.d.r.c.RepositoryConfigurationDelegate : Multiple Spring Data modules found, entering strict repository configuration mode
2025-03-09T20:36:37.979+07:00  INFO 3716 --- [wallet-service] [           main] .s.d.r.c.RepositoryConfigurationDelegate : Bootstrapping Spring Data MongoDB repositories in DEFAULT mode.
2025-03-09T20:36:38.478+07:00  INFO 3716 --- [wallet-service] [           main] .s.d.r.c.RepositoryConfigurationDelegate : Finished Spring Data repository scanning in 472 ms. Found 1 MongoDB repository interface.
2025-03-09T20:36:38.548+07:00  INFO 3716 --- [wallet-service] [           main] .s.d.r.c.RepositoryConfigurationDelegate : Multiple Spring Data modules found, entering strict repository configuration mode
2025-03-09T20:36:38.552+07:00  INFO 3716 --- [wallet-service] [           main] .s.d.r.c.RepositoryConfigurationDelegate : Bootstrapping Spring Data Redis repositories in DEFAULT mode.
2025-03-09T20:36:38.622+07:00  INFO 3716 --- [wallet-service] [           main] .RepositoryConfigurationExtensionSupport : Spring Data Redis - Could not safely identify store assignment for repository candidate interface com.project.walletservice.repository.WalletRepository; If you want this repository to be a Redis repository, consider annotating your entities with one of these annotations: org.springframework.data.redis.core.RedisHash (preferred), or consider extending one of the following types with your repository: org.springframework.data.keyvalue.repository.KeyValueRepository
2025-03-09T20:36:38.628+07:00  INFO 3716 --- [wallet-service] [           main] .s.d.r.c.RepositoryConfigurationDelegate : Finished Spring Data repository scanning in 21 ms. Found 0 Redis repository interfaces.
2025-03-09T20:36:40.718+07:00  INFO 3716 --- [wallet-service] [lgk.mongodb.net] org.mongodb.driver.cluster               : Adding discovered server cluster-1-shard-00-02.rylgk.mongodb.net:27017 to client view of cluster
2025-03-09T20:36:40.852+07:00  INFO 3716 --- [wallet-service] [           main] org.mongodb.driver.client                : MongoClient with metadata {"application": {"name": "Cluster-1"}, "driver": {"name": "mongo-java-driver|sync|spring-boot", "version": "5.2.1"}, "os": {"type": "Windows", "name": "Windows 10", "architecture": "amd64", "version": "10.0"}, "platform": "Java/Oracle Corporation/22.0.2+9-70"} created with settings MongoClientSettings{readPreference=primary, writeConcern=WriteConcern{w=majority, wTimeout=null ms, journal=null}, retryWrites=true, retryReads=true, readConcern=ReadConcern{level=null}, credential=MongoCredential{mechanism=null, userName='admin', source='admin', password=<hidden>, mechanismProperties=<hidden>}, transportSettings=null, commandListeners=[], codecRegistry=ProvidersCodecRegistry{codecProviders=[ValueCodecProvider{}, BsonValueCodecProvider{}, DBRefCodecProvider{}, DBObjectCodecProvider{}, DocumentCodecProvider{}, CollectionCodecProvider{}, IterableCodecProvider{}, MapCodecProvider{}, GeoJsonCodecProvider{}, GridFSFileCodecProvider{}, Jsr310CodecProvider{}, JsonObjectCodecProvider{}, BsonCodecProvider{}, EnumCodecProvider{}, com.mongodb.client.model.mql.ExpressionCodecProvider@1a2e563e, com.mongodb.Jep395RecordCodecProvider@5b066c33, com.mongodb.KotlinCodecProvider@62ea8931]}, loggerSettings=LoggerSettings{maxDocumentLength=1000}, clusterSettings={hosts=[127.0.0.1:27017], srvHost=cluster-1.rylgk.mongodb.net, srvServiceName=mongodb, mode=MULTIPLE, requiredClusterType=REPLICA_SET, requiredReplicaSetName='atlas-vamz5w-shard-0', serverSelector='null', clusterListeners='[]', serverSelectionTimeout='30000 ms', localThreshold='15 ms'}, socketSettings=SocketSettings{connectTimeoutMS=10000, readTimeoutMS=0, receiveBufferSize=0, proxySettings=ProxySettings{host=null, port=null, username=null, password=null}}, heartbeatSocketSettings=SocketSettings{connectTimeoutMS=10000, readTimeoutMS=10000, receiveBufferSize=0, proxySettings=ProxySettings{host=null, port=null, username=null, password=null}}, connectionPoolSettings=ConnectionPoolSettings{maxSize=100, minSize=0, maxWaitTimeMS=120000, maxConnectionLifeTimeMS=0, maxConnectionIdleTimeMS=0, maintenanceInitialDelayMS=0, maintenanceFrequencyMS=60000, connectionPoolListeners=[], maxConnecting=2}, serverSettings=ServerSettings{heartbeatFrequencyMS=10000, minHeartbeatFrequencyMS=500, serverMonitoringMode=AUTO, serverListeners='[]', serverMonitorListeners='[]'}, sslSettings=SslSettings{enabled=true, invalidHostNameAllowed=false, context=null}, applicationName='Cluster-1', compressorList=[], uuidRepresentation=JAVA_LEGACY, serverApi=null, autoEncryptionSettings=null, dnsClient=null, inetAddressResolver=null, contextProvider=null, timeoutMS=null}
2025-03-09T20:36:40.891+07:00  INFO 3716 --- [wallet-service] [lgk.mongodb.net] org.mongodb.driver.cluster               : Adding discovered server cluster-1-shard-00-01.rylgk.mongodb.net:27017 to client view of cluster
2025-03-09T20:36:40.899+07:00  INFO 3716 --- [wallet-service] [lgk.mongodb.net] org.mongodb.driver.cluster               : Adding discovered server cluster-1-shard-00-00.rylgk.mongodb.net:27017 to client view of cluster
2025-03-09T20:36:42.767+07:00  INFO 3716 --- [wallet-service] [ngodb.net:27017] org.mongodb.driver.cluster               : Monitor thread successfully connected to server with description ServerDescription{address=cluster-1-shard-00-02.rylgk.mongodb.net:27017, type=REPLICA_SET_PRIMARY, cryptd=false, state=CONNECTED, ok=true, minWireVersion=0, maxWireVersion=25, maxDocumentSize=16777216, logicalSessionTimeoutMinutes=30, roundTripTimeNanos=1156008200, minRoundTripTimeNanos=0, setName='atlas-vamz5w-shard-0', canonicalAddress=cluster-1-shard-00-02.rylgk.mongodb.net:27017, hosts=[cluster-1-shard-00-00.rylgk.mongodb.net:27017, cluster-1-shard-00-01.rylgk.mongodb.net:27017, cluster-1-shard-00-02.rylgk.mongodb.net:27017], passives=[], arbiters=[], primary='cluster-1-shard-00-02.rylgk.mongodb.net:27017', tagSet=TagSet{[Tag{name='availabilityZone', value='ape1-az3'}, Tag{name='diskState', value='READY'}, Tag{name='nodeType', value='ELECTABLE'}, Tag{name='provider', value='AWS'}, Tag{name='region', value='AP_EAST_1'}, Tag{name='workloadType', value='OPERATIONAL'}]}, electionId=7fffffff0000000000000025, setVersion=5, topologyVersion=TopologyVersion{processId=67c70eb8a8f4f6866383cb19, counter=6}, lastWriteDate=Sun Mar 09 20:36:42 ICT 2025, lastUpdateTimeNanos=209021806304600}
2025-03-09T20:36:42.767+07:00  INFO 3716 --- [wallet-service] [ngodb.net:27017] org.mongodb.driver.cluster               : Monitor thread successfully connected to server with description ServerDescription{address=cluster-1-shard-00-01.rylgk.mongodb.net:27017, type=REPLICA_SET_SECONDARY, cryptd=false, state=CONNECTED, ok=true, minWireVersion=0, maxWireVersion=25, maxDocumentSize=16777216, logicalSessionTimeoutMinutes=30, roundTripTimeNanos=1139672400, minRoundTripTimeNanos=0, setName='atlas-vamz5w-shard-0', canonicalAddress=cluster-1-shard-00-01.rylgk.mongodb.net:27017, hosts=[cluster-1-shard-00-00.rylgk.mongodb.net:27017, cluster-1-shard-00-01.rylgk.mongodb.net:27017, cluster-1-shard-00-02.rylgk.mongodb.net:27017], passives=[], arbiters=[], primary='cluster-1-shard-00-02.rylgk.mongodb.net:27017', tagSet=TagSet{[Tag{name='availabilityZone', value='ape1-az2'}, Tag{name='diskState', value='READY'}, Tag{name='nodeType', value='ELECTABLE'}, Tag{name='provider', value='AWS'}, Tag{name='region', value='AP_EAST_1'}, Tag{name='workloadType', value='OPERATIONAL'}]}, electionId=null, setVersion=5, topologyVersion=TopologyVersion{processId=67c70ee6c21756b206f76ebd, counter=3}, lastWriteDate=Sun Mar 09 20:36:42 ICT 2025, lastUpdateTimeNanos=209021803046200}
2025-03-09T20:36:42.778+07:00  INFO 3716 --- [wallet-service] [ngodb.net:27017] org.mongodb.driver.cluster               : Discovered replica set primary cluster-1-shard-00-02.rylgk.mongodb.net:27017 with max election id 7fffffff0000000000000025 and max set version 5
2025-03-09T20:36:42.800+07:00  INFO 3716 --- [wallet-service] [ngodb.net:27017] org.mongodb.driver.cluster               : Monitor thread successfully connected to server with description ServerDescription{address=cluster-1-shard-00-00.rylgk.mongodb.net:27017, type=REPLICA_SET_SECONDARY, cryptd=false, state=CONNECTED, ok=true, minWireVersion=0, maxWireVersion=25, maxDocumentSize=16777216, logicalSessionTimeoutMinutes=30, roundTripTimeNanos=1201751700, minRoundTripTimeNanos=0, setName='atlas-vamz5w-shard-0', canonicalAddress=cluster-1-shard-00-00.rylgk.mongodb.net:27017, hosts=[cluster-1-shard-00-00.rylgk.mongodb.net:27017, cluster-1-shard-00-01.rylgk.mongodb.net:27017, cluster-1-shard-00-02.rylgk.mongodb.net:27017], passives=[], arbiters=[], primary='cluster-1-shard-00-02.rylgk.mongodb.net:27017', tagSet=TagSet{[Tag{name='availabilityZone', value='ape1-az1'}, Tag{name='diskState', value='READY'}, Tag{name='nodeType', value='ELECTABLE'}, Tag{name='provider', value='AWS'}, Tag{name='region', value='AP_EAST_1'}, Tag{name='workloadType', value='OPERATIONAL'}]}, electionId=null, setVersion=5, topologyVersion=TopologyVersion{processId=67c70e8b43d596ce650e1eb4, counter=4}, lastWriteDate=Sun Mar 09 20:36:43 ICT 2025, lastUpdateTimeNanos=209021851707100}
2025-03-09T20:36:43.863+07:00  WARN 3716 --- [wallet-service] [           main] .s.s.UserDetailsServiceAutoConfiguration : 

Using generated security password: a93ece9d-e98f-493a-a377-c793d764317d

This generated password is for development use only. Your security configuration must be updated before running your application in production.

2025-03-09T20:36:43.897+07:00  INFO 3716 --- [wallet-service] [           main] r$InitializeUserDetailsManagerConfigurer : Global AuthenticationManager configured with UserDetailsService bean with name inMemoryUserDetailsManager
2025-03-09T20:36:44.707+07:00 DEBUG 3716 --- [wallet-service] [           main] s.w.s.m.m.a.RequestMappingHandlerMapping : 9 mappings in 'requestMappingHandlerMapping'
2025-03-09T20:36:45.248+07:00 DEBUG 3716 --- [wallet-service] [           main] o.s.w.s.handler.SimpleUrlHandlerMapping  : Patterns [/webjars/**, /**, /swagger-ui*/*swagger-initializer.js, /swagger-ui*/**] in 'resourceHandlerMapping'
2025-03-09T20:36:46.094+07:00 DEBUG 3716 --- [wallet-service] [           main] s.w.s.m.m.a.RequestMappingHandlerAdapter : ControllerAdvice beans: 0 @ModelAttribute, 0 @InitBinder, 1 RequestBodyAdvice, 1 ResponseBodyAdvice
2025-03-09T20:36:46.260+07:00 DEBUG 3716 --- [wallet-service] [           main] .m.m.a.ExceptionHandlerExceptionResolver : ControllerAdvice beans: 1 @ExceptionHandler, 1 ResponseBodyAdvice
2025-03-09T20:36:48.167+07:00  INFO 3716 --- [wallet-service] [           main] c.p.w.WalletServiceApplicationTests      : Started WalletServiceApplicationTests in 15.938 seconds (process running for 21.303)
]]></system-out>
    <system-err><![CDATA[Mockito is currently self-attaching to enable the inline-mock-maker. This will no longer work in future releases of the JDK. Please add Mockito as an agent to your build what is described in Mockito's documentation: https://javadoc.io/doc/org.mockito/mockito-core/latest/org/mockito/Mockito.html#0.3
WARNING: A Java agent has been loaded dynamically (C:\Users\hiepg\.m2\repository\net\bytebuddy\byte-buddy-agent\1.15.11\byte-buddy-agent-1.15.11.jar)
WARNING: If a serviceability tool is in use, please run with -XX:+EnableDynamicAgentLoading to hide this warning
WARNING: If a serviceability tool is not in use, please run with -Djdk.instrument.traceUsage for more information
WARNING: Dynamic loading of agents will be disallowed by default in a future release
]]></system-err>
  </testcase>
</testsuite>