<?xml version="1.0" encoding="UTF-8"?>
<testsuite xmlns:xsi="http://www.w3.org/2001/XMLSchema-instance" xsi:noNamespaceSchemaLocation="https://maven.apache.org/surefire/maven-surefire-plugin/xsd/surefire-test-report-3.0.xsd" version="3.0" name="com.project.walletservice.WalletServiceApplicationTests" time="8.544" tests="1" errors="0" skipped="0" failures="0">
  <properties>
[...]
</properties>
  <testcase name="contextLoads" classname="com.project.walletservice.WalletServiceApplicationTests" time="1.192">
    <system-out><![CDATA[10:42:00.501 [main] INFO org.springframework.test.context.support.AnnotationConfigContextLoaderUtils -- Could not detect default configuration classes for test class [com.project.walletservice.WalletServiceApplicationTests]: WalletServiceApplicationTests does not declare any static, non-private, non-final, nested classes annotated with @Configuration.
10:42:00.764 [main] INFO org.springframework.boot.test.context.SpringBootTestContextBootstrapper -- Found @SpringBootConfiguration com.project.walletservice.WalletServiceApplication for test class com.project.walletservice.WalletServiceApplicationTests
10:42:01.093 [main] INFO org.springframework.boot.devtools.restart.RestartApplicationListener -- Restart disabled due to context in which it is running

  .   ____          _            __ _ _
 /\\ / ___'_ __ _ _(_)_ __  __ _ \ \ \ \
( ( )\___ | '_ | '_| | '_ \/ _` | \ \ \ \
 \\/  ___)| |_)| | | | | || (_| |  ) ) ) )
  '  |____| .__|_| |_|_| |_\__, | / / / /
 =========|_|==============|___/=/_/_/_/

 :: Spring Boot ::                (v3.4.3)

2025-03-21T10:42:01.752+07:00  INFO 1440 --- [wallet-service] [           main] c.p.w.WalletServiceApplicationTests      : Starting WalletServiceApplicationTests using Java 22.0.2 with PID 1440 (started by hiepg in D:\Code\Big Apps\Hybrid-Blockchain-Based-Stock-Trading-Platform-with-Arbitrage-Bot\BE\wallet-service)
2025-03-21T10:42:01.754+07:00  INFO 1440 --- [wallet-service] [           main] c.p.w.WalletServiceApplicationTests      : The following 1 profile is active: "product"
2025-03-21T10:42:01.807+07:00 DEBUG 1440 --- [wallet-service] [           main] o.s.w.c.s.GenericWebApplicationContext   : Refreshing org.springframework.web.context.support.GenericWebApplicationContext@5ba745bc
2025-03-21T10:42:03.404+07:00  INFO 1440 --- [wallet-service] [           main] .s.d.r.c.RepositoryConfigurationDelegate : Multiple Spring Data modules found, entering strict repository configuration mode
2025-03-21T10:42:03.406+07:00  INFO 1440 --- [wallet-service] [           main] .s.d.r.c.RepositoryConfigurationDelegate : Bootstrapping Spring Data MongoDB repositories in DEFAULT mode.
2025-03-21T10:42:03.617+07:00  INFO 1440 --- [wallet-service] [           main] .s.d.r.c.RepositoryConfigurationDelegate : Finished Spring Data repository scanning in 200 ms. Found 1 MongoDB repository interface.
2025-03-21T10:42:03.645+07:00  INFO 1440 --- [wallet-service] [           main] .s.d.r.c.RepositoryConfigurationDelegate : Multiple Spring Data modules found, entering strict repository configuration mode
2025-03-21T10:42:03.647+07:00  INFO 1440 --- [wallet-service] [           main] .s.d.r.c.RepositoryConfigurationDelegate : Bootstrapping Spring Data Redis repositories in DEFAULT mode.
2025-03-21T10:42:03.676+07:00  INFO 1440 --- [wallet-service] [           main] .RepositoryConfigurationExtensionSupport : Spring Data Redis - Could not safely identify store assignment for repository candidate interface com.project.walletservice.repository.WalletRepository; If you want this repository to be a Redis repository, consider annotating your entities with one of these annotations: org.springframework.data.redis.core.RedisHash (preferred), or consider extending one of the following types with your repository: org.springframework.data.keyvalue.repository.KeyValueRepository
2025-03-21T10:42:03.677+07:00  INFO 1440 --- [wallet-service] [           main] .s.d.r.c.RepositoryConfigurationDelegate : Finished Spring Data repository scanning in 13 ms. Found 0 Redis repository interfaces.
2025-03-21T10:42:04.568+07:00  INFO 1440 --- [wallet-service] [lgk.mongodb.net] org.mongodb.driver.cluster               : Adding discovered server cluster-1-shard-00-02.rylgk.mongodb.net:27017 to client view of cluster
2025-03-21T10:42:04.636+07:00  INFO 1440 --- [wallet-service] [           main] org.mongodb.driver.client                : MongoClient with metadata {"application": {"name": "Cluster-1"}, "driver": {"name": "mongo-java-driver|sync|spring-boot", "version": "5.2.1"}, "os": {"type": "Windows", "name": "Windows 10", "architecture": "amd64", "version": "10.0"}, "platform": "Java/Oracle Corporation/22.0.2+9-70"} created with settings MongoClientSettings{readPreference=primary, writeConcern=WriteConcern{w=majority, wTimeout=null ms, journal=null}, retryWrites=true, retryReads=true, readConcern=ReadConcern{level=null}, credential=MongoCredential{mechanism=null, userName='admin', source='admin', password=<hidden>, mechanismProperties=<hidden>}, transportSettings=null, commandListeners=[], codecRegistry=ProvidersCodecRegistry{codecProviders=[ValueCodecProvider{}, BsonValueCodecProvider{}, DBRefCodecProvider{}, DBObjectCodecProvider{}, DocumentCodecProvider{}, CollectionCodecProvider{}, IterableCodecProvider{}, MapCodecProvider{}, GeoJsonCodecProvider{}, GridFSFileCodecProvider{}, Jsr310CodecProvider{}, JsonObjectCodecProvider{}, BsonCodecProvider{}, EnumCodecProvider{}, com.mongodb.client.model.mql.ExpressionCodecProvider@72af90e8, com.mongodb.Jep395RecordCodecProvider@aa1bb14, com.mongodb.KotlinCodecProvider@7faa0680]}, loggerSettings=LoggerSettings{maxDocumentLength=1000}, clusterSettings={hosts=[127.0.0.1:27017], srvHost=cluster-1.rylgk.mongodb.net, srvServiceName=mongodb, mode=MULTIPLE, requiredClusterType=REPLICA_SET, requiredReplicaSetName='atlas-vamz5w-shard-0', serverSelector='null', clusterListeners='[]', serverSelectionTimeout='30000 ms', localThreshold='15 ms'}, socketSettings=SocketSettings{connectTimeoutMS=10000, readTimeoutMS=0, receiveBufferSize=0, proxySettings=ProxySettings{host=null, port=null, username=null, password=null}}, heartbeatSocketSettings=SocketSettings{connectTimeoutMS=10000, readTimeoutMS=10000, receiveBufferSize=0, proxySettings=ProxySettings{host=null, port=null, username=null, password=null}}, connectionPoolSettings=ConnectionPoolSettings{maxSize=100, minSize=0, maxWaitTimeMS=120000, maxConnectionLifeTimeMS=0, maxConnectionIdleTimeMS=0, maintenanceInitialDelayMS=0, maintenanceFrequencyMS=60000, connectionPoolListeners=[], maxConnecting=2}, serverSettings=ServerSettings{heartbeatFrequencyMS=10000, minHeartbeatFrequencyMS=500, serverMonitoringMode=AUTO, serverListeners='[]', serverMonitorListeners='[]'}, sslSettings=SslSettings{enabled=true, invalidHostNameAllowed=false, context=null}, applicationName='Cluster-1', compressorList=[], uuidRepresentation=JAVA_LEGACY, serverApi=null, autoEncryptionSettings=null, dnsClient=null, inetAddressResolver=null, contextProvider=null, timeoutMS=null}
2025-03-21T10:42:04.646+07:00  INFO 1440 --- [wallet-service] [lgk.mongodb.net] org.mongodb.driver.cluster               : Adding discovered server cluster-1-shard-00-01.rylgk.mongodb.net:27017 to client view of cluster
2025-03-21T10:42:04.652+07:00  INFO 1440 --- [wallet-service] [lgk.mongodb.net] org.mongodb.driver.cluster               : Adding discovered server cluster-1-shard-00-00.rylgk.mongodb.net:27017 to client view of cluster
2025-03-21T10:42:05.630+07:00  INFO 1440 --- [wallet-service] [ngodb.net:27017] org.mongodb.driver.cluster               : Monitor thread successfully connected to server with description ServerDescription{address=cluster-1-shard-00-00.rylgk.mongodb.net:27017, type=REPLICA_SET_SECONDARY, cryptd=false, state=CONNECTED, ok=true, minWireVersion=0, maxWireVersion=25, maxDocumentSize=16777216, logicalSessionTimeoutMinutes=30, roundTripTimeNanos=526629700, minRoundTripTimeNanos=0, setName='atlas-vamz5w-shard-0', canonicalAddress=cluster-1-shard-00-00.rylgk.mongodb.net:27017, hosts=[cluster-1-shard-00-00.rylgk.mongodb.net:27017, cluster-1-shard-00-01.rylgk.mongodb.net:27017, cluster-1-shard-00-02.rylgk.mongodb.net:27017], passives=[], arbiters=[], primary='cluster-1-shard-00-02.rylgk.mongodb.net:27017', tagSet=TagSet{[Tag{name='availabilityZone', value='ape1-az1'}, Tag{name='diskState', value='READY'}, Tag{name='nodeType', value='ELECTABLE'}, Tag{name='provider', value='AWS'}, Tag{name='region', value='AP_EAST_1'}, Tag{name='workloadType', value='OPERATIONAL'}]}, electionId=null, setVersion=11, topologyVersion=TopologyVersion{processId=67dc17d350c920d52fee31bb, counter=3}, lastWriteDate=Fri Mar 21 10:42:07 ICT 2025, lastUpdateTimeNanos=54020508106000}
2025-03-21T10:42:05.631+07:00  INFO 1440 --- [wallet-service] [ngodb.net:27017] org.mongodb.driver.cluster               : Monitor thread successfully connected to server with description ServerDescription{address=cluster-1-shard-00-01.rylgk.mongodb.net:27017, type=REPLICA_SET_SECONDARY, cryptd=false, state=CONNECTED, ok=true, minWireVersion=0, maxWireVersion=25, maxDocumentSize=16777216, logicalSessionTimeoutMinutes=30, roundTripTimeNanos=518412200, minRoundTripTimeNanos=0, setName='atlas-vamz5w-shard-0', canonicalAddress=cluster-1-shard-00-01.rylgk.mongodb.net:27017, hosts=[cluster-1-shard-00-00.rylgk.mongodb.net:27017, cluster-1-shard-00-01.rylgk.mongodb.net:27017, cluster-1-shard-00-02.rylgk.mongodb.net:27017], passives=[], arbiters=[], primary='cluster-1-shard-00-02.rylgk.mongodb.net:27017', tagSet=TagSet{[Tag{name='availabilityZone', value='ape1-az2'}, Tag{name='diskState', value='READY'}, Tag{name='nodeType', value='ELECTABLE'}, Tag{name='provider', value='AWS'}, Tag{name='region', value='AP_EAST_1'}, Tag{name='workloadType', value='OPERATIONAL'}]}, electionId=null, setVersion=11, topologyVersion=TopologyVersion{processId=67d82cb02765945e84a79396, counter=3}, lastWriteDate=Fri Mar 21 10:42:07 ICT 2025, lastUpdateTimeNanos=54020509208500}
2025-03-21T10:42:05.631+07:00  INFO 1440 --- [wallet-service] [ngodb.net:27017] org.mongodb.driver.cluster               : Monitor thread successfully connected to server with description ServerDescription{address=cluster-1-shard-00-02.rylgk.mongodb.net:27017, type=REPLICA_SET_PRIMARY, cryptd=false, state=CONNECTED, ok=true, minWireVersion=0, maxWireVersion=25, maxDocumentSize=16777216, logicalSessionTimeoutMinutes=30, roundTripTimeNanos=517852100, minRoundTripTimeNanos=0, setName='atlas-vamz5w-shard-0', canonicalAddress=cluster-1-shard-00-02.rylgk.mongodb.net:27017, hosts=[cluster-1-shard-00-00.rylgk.mongodb.net:27017, cluster-1-shard-00-01.rylgk.mongodb.net:27017, cluster-1-shard-00-02.rylgk.mongodb.net:27017], passives=[], arbiters=[], primary='cluster-1-shard-00-02.rylgk.mongodb.net:27017', tagSet=TagSet{[Tag{name='availabilityZone', value='ape1-az3'}, Tag{name='diskState', value='READY'}, Tag{name='nodeType', value='ELECTABLE'}, Tag{name='provider', value='AWS'}, Tag{name='region', value='AP_EAST_1'}, Tag{name='workloadType', value='OPERATIONAL'}]}, electionId=7fffffff000000000000002b, setVersion=11, topologyVersion=TopologyVersion{processId=67d4c278a1bc2fa80382d97c, counter=6}, lastWriteDate=Fri Mar 21 10:42:07 ICT 2025, lastUpdateTimeNanos=54020508584800}
2025-03-21T10:42:05.635+07:00  INFO 1440 --- [wallet-service] [ngodb.net:27017] org.mongodb.driver.cluster               : Discovered replica set primary cluster-1-shard-00-02.rylgk.mongodb.net:27017 with max election id 7fffffff000000000000002b and max set version 11
2025-03-21T10:42:05.785+07:00  WARN 1440 --- [wallet-service] [           main] .s.s.UserDetailsServiceAutoConfiguration : 

Using generated security password: 15c2e14e-7874-4d9c-89eb-6ba46250228a

This generated password is for development use only. Your security configuration must be updated before running your application in production.

2025-03-21T10:42:05.799+07:00  INFO 1440 --- [wallet-service] [           main] r$InitializeUserDetailsManagerConfigurer : Global AuthenticationManager configured with UserDetailsService bean with name inMemoryUserDetailsManager
2025-03-21T10:42:06.064+07:00 DEBUG 1440 --- [wallet-service] [           main] s.w.s.m.m.a.RequestMappingHandlerMapping : 9 mappings in 'requestMappingHandlerMapping'
2025-03-21T10:42:06.275+07:00 DEBUG 1440 --- [wallet-service] [           main] o.s.w.s.handler.SimpleUrlHandlerMapping  : Patterns [/webjars/**, /**, /swagger-ui*/*swagger-initializer.js, /swagger-ui*/**] in 'resourceHandlerMapping'
2025-03-21T10:42:06.608+07:00 DEBUG 1440 --- [wallet-service] [           main] s.w.s.m.m.a.RequestMappingHandlerAdapter : ControllerAdvice beans: 0 @ModelAttribute, 0 @InitBinder, 1 RequestBodyAdvice, 1 ResponseBodyAdvice
2025-03-21T10:42:06.689+07:00 DEBUG 1440 --- [wallet-service] [           main] .m.m.a.ExceptionHandlerExceptionResolver : ControllerAdvice beans: 1 @ExceptionHandler, 1 ResponseBodyAdvice
2025-03-21T10:42:07.513+07:00  INFO 1440 --- [wallet-service] [           main] c.p.w.WalletServiceApplicationTests      : Started WalletServiceApplicationTests in 6.45 seconds (process running for 8.293)
]]></system-out>
    <system-err><![CDATA[Mockito is currently self-attaching to enable the inline-mock-maker. This will no longer work in future releases of the JDK. Please add Mockito as an agent to your build what is described in Mockito's documentation: https://javadoc.io/doc/org.mockito/mockito-core/latest/org/mockito/Mockito.html#0.3
WARNING: A Java agent has been loaded dynamically (C:\Users\hiepg\.m2\repository\net\bytebuddy\byte-buddy-agent\1.15.11\byte-buddy-agent-1.15.11.jar)
WARNING: If a serviceability tool is in use, please run with -XX:+EnableDynamicAgentLoading to hide this warning
WARNING: If a serviceability tool is not in use, please run with -Djdk.instrument.traceUsage for more information
WARNING: Dynamic loading of agents will be disallowed by default in a future release
]]></system-err>
  </testcase>
</testsuite>